Using pre-set license
Desktop is 2646 x 1024 @ 60 Hz

 COMMAND LINE ARGUMENTS:
Unity
-adb2
-batchMode
-noUpm
-name
AssetImportWorker0
-projectPath
/home/jerpharney/github/school-project
-logFile
Logs/AssetImportWorker0.log
-srvPort
35975
Successfully changed project path to: /home/jerpharney/github/school-project
/home/jerpharney/github/school-project
Using Asset Import Pipeline V2.
Refreshing native plugins compatible for Editor in 31,83 ms, found 1 plugins.
Preloading 0 native plugins for Editor in 0,00 ms.
Initialize engine version: 2020.3.9f1 (108be757e447)
[Subsystems] Discovering subsystems at path /home/jerpharney/Unity/Hub/Editor/2020.3.9f1/Editor/Data/Resources/UnitySubsystems
[Subsystems] Discovering subsystems at path /home/jerpharney/github/school-project/Assets
GLX Extensions: GLX_ARB_create_context GLX_ARB_create_context_no_error GLX_ARB_create_context_profile GLX_ARB_create_context_robustness GLX_ARB_fbconfig_float GLX_ARB_framebuffer_sRGB GLX_ARB_get_proc_address GLX_ARB_multisample GLX_EXT_buffer_age GLX_EXT_create_context_es2_profile GLX_EXT_create_context_es_profile GLX_EXT_fbconfig_packed_float GLX_EXT_framebuffer_sRGB GLX_EXT_import_context GLX_EXT_texture_from_pixmap GLX_EXT_visual_info GLX_EXT_visual_rating GLX_INTEL_swap_event GLX_MESA_copy_sub_buffer GLX_MESA_query_renderer GLX_MESA_swap_control GLX_OML_swap_method GLX_OML_sync_control GLX_SGIS_multisample GLX_SGIX_fbconfig GLX_SGIX_pbuffer GLX_SGIX_visual_select_group GLX_SGI_make_current_read GLX_SGI_swap_control GLX_SGI_video_sync 
Renderer: Mesa Intel(R) UHD Graphics 620 (WHL GT2)
Vendor:   Intel
Version:  4.6 (Core Profile) Mesa 20.2.6
GLES:     0
 GL_3DFX_texture_compression_FXT1 GL_AMD_conservative_depth GL_AMD_depth_clamp_separate GL_AMD_draw_buffers_blend GL_AMD_gpu_shader_int64 GL_AMD_multi_draw_indirect GL_AMD_performance_monitor GL_AMD_pinned_memory GL_AMD_query_buffer_object GL_AMD_seamless_cubemap_per_texture GL_AMD_shader_stencil_export GL_AMD_shader_trinary_minmax GL_AMD_texture_texture4 GL_AMD_vertex_shader_layer GL_AMD_vertex_shader_viewport_index GL_ANGLE_texture_compression_dxt3 GL_ANGLE_texture_compression_dxt5 GL_ARB_ES2_compatibility GL_ARB_ES3_1_compatibility GL_ARB_ES3_2_compatibility GL_ARB_ES3_compatibility GL_ARB_arrays_of_arrays GL_ARB_base_instance GL_ARB_blend_func_extended GL_ARB_buffer_storage GL_ARB_clear_buffer_object GL_ARB_clear_texture GL_ARB_clip_control GL_ARB_compressed_texture_pixel_storage GL_ARB_compute_shader GL_ARB_compute_variable_group_size GL_ARB_conditional_render_inverted GL_ARB_conservative_depth GL_ARB_copy_buffer GL_ARB_copy_image GL_ARB_cull_distance GL_ARB_debug_output GL_ARB_depth_buffer_float GL_ARB
_depth_clamp GL_ARB_derivative_control GL_ARB_direct_state_access GL_ARB_draw_buffers GL_ARB_draw_buffers_blend GL_ARB_draw_elements_base_vertex GL_ARB_draw_indirect GL_ARB_draw_instanced GL_ARB_enhanced_layouts GL_ARB_explicit_attrib_location GL_ARB_explicit_uniform_location GL_ARB_fragment_coord_conventions GL_ARB_fragment_layer_viewport GL_ARB_fragment_shader GL_ARB_fragment_shader_interlock GL_ARB_framebuffer_no_attachments GL_ARB_framebuffer_object GL_ARB_framebuffer_sRGB GL_ARB_get_program_binary GL_ARB_get_texture_sub_image GL_ARB_gl_spirv GL_ARB_gpu_shader5 GL_ARB_gpu_shader_fp64 GL_ARB_gpu_shader_int64 GL_ARB_half_float_pixel GL_ARB_half_float_vertex GL_ARB_indirect_parameters GL_ARB_instanced_arrays GL_ARB_internalformat_query GL_ARB_internalformat_query2 GL_ARB_invalidate_subdata GL_ARB_map_buffer_alignment GL_ARB_map_buffer_range GL_ARB_multi_bind GL_ARB_multi_draw_indirect GL_ARB_occlusion_query2 GL_ARB_parallel_shader_compile GL_ARB_pipeline_statistics_query GL_ARB_pixel_buffer_object GL_ARB_po
int_sprite GL_ARB_polygon_offset_clamp GL_ARB_post_depth_coverage GL_ARB_program_interface_query GL_ARB_provoking_vertex GL_ARB_query_buffer_object GL_ARB_robust_buffer_access_behavior GL_ARB_robustness GL_ARB_sample_shading GL_ARB_sampler_objects GL_ARB_seamless_cube_map GL_ARB_seamless_cubemap_per_texture GL_ARB_separate_shader_objects GL_ARB_shader_atomic_counter_ops GL_ARB_shader_atomic_counters GL_ARB_shader_ballot GL_ARB_shader_bit_encoding GL_ARB_shader_clock GL_ARB_shader_draw_parameters GL_ARB_shader_group_vote GL_ARB_shader_image_load_store GL_ARB_shader_image_size GL_ARB_shader_objects GL_ARB_shader_precision GL_ARB_shader_stencil_export GL_ARB_shader_storage_buffer_object GL_ARB_shader_subroutine GL_ARB_shader_texture_image_samples GL_ARB_shader_texture_lod GL_ARB_shader_viewport_layer_array GL_ARB_shading_language_420pack GL_ARB_shading_language_include GL_ARB_shading_language_packing GL_ARB_spirv_extensions GL_ARB_stencil_texturing GL_ARB_sync GL_ARB_tessellation_shader GL_ARB_texture_barrier G
L_ARB_texture_buffer_object GL_ARB_texture_buffer_object_rgb32 GL_ARB_texture_buffer_range GL_ARB_texture_compression_bptc GL_ARB_texture_compression_rgtc GL_ARB_texture_cube_map_array GL_ARB_texture_filter_anisotropic GL_ARB_texture_float GL_ARB_texture_gather GL_ARB_texture_mirror_clamp_to_edge GL_ARB_texture_multisample GL_ARB_texture_non_power_of_two GL_ARB_texture_query_levels GL_ARB_texture_query_lod GL_ARB_texture_rectangle GL_ARB_texture_rg GL_ARB_texture_rgb10_a2ui GL_ARB_texture_stencil8 GL_ARB_texture_storage GL_ARB_texture_storage_multisample GL_ARB_texture_swizzle GL_ARB_texture_view GL_ARB_timer_query GL_ARB_transform_feedback2 GL_ARB_transform_feedback3 GL_ARB_transform_feedback_instanced GL_ARB_transform_feedback_overflow_query GL_ARB_uniform_buffer_object GL_ARB_vertex_array_bgra GL_ARB_vertex_array_object GL_ARB_vertex_attrib_64bit GL_ARB_vertex_attrib_binding GL_ARB_vertex_buffer_object GL_ARB_vertex_shader GL_ARB_vertex_type_10f_11f_11f_rev GL_ARB_vertex_type_2_10_10_10_rev GL_ARB_viewpor
t_array GL_ATI_blend_equation_separate GL_ATI_texture_float GL_EXT_EGL_image_storage GL_EXT_EGL_sync GL_EXT_abgr GL_EXT_blend_equation_separate GL_EXT_demote_to_helper_invocation GL_EXT_draw_buffers2 GL_EXT_draw_instanced GL_EXT_framebuffer_blit GL_EXT_framebuffer_multisample GL_EXT_framebuffer_multisample_blit_scaled GL_EXT_framebuffer_object GL_EXT_framebuffer_sRGB GL_EXT_packed_depth_stencil GL_EXT_packed_float GL_EXT_pixel_buffer_object GL_EXT_polygon_offset_clamp GL_EXT_provoking_vertex GL_EXT_shader_framebuffer_fetch GL_EXT_shader_framebuffer_fetch_non_coherent GL_EXT_shader_integer_mix GL_EXT_shader_samples_identical GL_EXT_texture_array GL_EXT_texture_compression_dxt1 GL_EXT_texture_compression_rgtc GL_EXT_texture_compression_s3tc GL_EXT_texture_filter_anisotropic GL_EXT_texture_integer GL_EXT_texture_sRGB GL_EXT_texture_sRGB_R8 GL_EXT_texture_sRGB_decode GL_EXT_texture_shadow_lod GL_EXT_texture_shared_exponent GL_EXT_texture_snorm GL_EXT_texture_swizzle GL_EXT_timer_query GL_EXT_transform_feedback G
L_EXT_vertex_array_bgra GL_EXT_vertex_attrib_64bit GL_IBM_multimode_draw_arrays GL_INTEL_blackhole_render GL_INTEL_conservative_rasterization GL_INTEL_performance_query GL_INTEL_shader_atomic_float_minmax GL_INTEL_shader_integer_functions2 GL_KHR_blend_equation_advanced GL_KHR_blend_equation_advanced_coherent GL_KHR_context_flush_control GL_KHR_debug GL_KHR_no_error GL_KHR_parallel_shader_compile GL_KHR_robust_buffer_access_behavior GL_KHR_robustness GL_KHR_texture_compression_astc_ldr GL_KHR_texture_compression_astc_sliced_3d GL_MESA_framebuffer_flip_y GL_MESA_pack_invert GL_MESA_shader_integer_functions GL_MESA_texture_signed_rgba GL_NV_compute_shader_derivatives GL_NV_conditional_render GL_NV_copy_image GL_NV_depth_clamp GL_NV_fragment_shader_interlock GL_NV_packed_depth_stencil GL_NV_texture_barrier GL_OES_EGL_image GL_S3_s3tc
OPENGL LOG: Creating OpenGL 4.6 graphics device ; Context level  <OpenGL 4.5> ; Context handle -1304476784
Initialize mono
Mono path[0] = '/home/jerpharney/Unity/Hub/Editor/2020.3.9f1/Editor/Data/Managed'
Mono path[1] = '/home/jerpharney/Unity/Hub/Editor/2020.3.9f1/Editor/Data/MonoBleedingEdge/lib/mono/unityjit'
Mono config path = '/home/jerpharney/Unity/Hub/Editor/2020.3.9f1/Editor/Data/MonoBleedingEdge/etc'
Using monoOptions --debugger-agent=transport=dt_socket,embedding=1,server=y,suspend=n,address=127.0.0.1:56614
Begin MonoManager ReloadAssembly
Registering precompiled unity dll's ...
Register platform support module: /home/jerpharney/Unity/Hub/Editor/2020.3.9f1/Editor/Data/PlaybackEngines/WebGLSupport/UnityEditor.WebGL.Extensions.dll
Register platform support module: /home/jerpharney/Unity/Hub/Editor/2020.3.9f1/Editor/Data/PlaybackEngines/WindowsStandaloneSupport/UnityEditor.WindowsStandalone.Extensions.dll
Register platform support module: /home/jerpharney/Unity/Hub/Editor/2020.3.9f1/Editor/Data/PlaybackEngines/LinuxStandaloneSupport/UnityEditor.LinuxStandalone.Extensions.dll
Registered in 0,004769 seconds.
Native extension for LinuxStandalone target not found
Native extension for WindowsStandalone target not found
Native extension for WebGL target not found
Refreshing native plugins compatible for Editor in 29,84 ms, found 1 plugins.
Preloading 0 native plugins for Editor in 0,00 ms.
Mono: successfully reloaded assembly
- Completed reload, in  0,981 seconds
Platform modules already initialized, skipping
Registering precompiled user dll's ...
Registered in 0,000690 seconds.
Begin MonoManager ReloadAssembly
Native extension for LinuxStandalone target not found
Native extension for WindowsStandalone target not found
Native extension for WebGL target not found
Refreshing native plugins compatible for Editor in 0,30 ms, found 1 plugins.
Preloading 0 native plugins for Editor in 0,00 ms.
Mono: successfully reloaded assembly
- Completed reload, in  0,860 seconds
Platform modules already initialized, skipping
========================================================================
Worker process is ready to serve import requests
Launched and connected shader compiler UnityShaderCompiler after 0.01 seconds
Refreshing native plugins compatible for Editor in 0,31 ms, found 1 plugins.
Preloading 0 native plugins for Editor in 0,00 ms.
Unloading 1535 Unused Serialized files (Serialized files now loaded: 0)
System memory in use before: 80,8 MB.
System memory in use after: 80,8 MB.

Unloading 15 unused Assets to reduce memory usage. Loaded Objects now: 1987.
Total: 3,181823 ms (FindLiveObjects: 0,293289 ms CreateObjectMapping: 0,065334 ms MarkObjects: 2,630305 ms  DeleteObjects: 0,191414 ms)

========================================================================
Received Import Request.
  path: Assets/TerrainGenerator/Terrain.asset
  artifactKey: Guid(ef5cb87efec64cb41ab9236352ff20d4) Importer(815301076,1909f56bfc062723c751e8b465ee728b)
Start importing Assets/TerrainGenerator/Terrain.asset using Guid(ef5cb87efec64cb41ab9236352ff20d4) Importer(815301076,1909f56bfc062723c751e8b465ee728b) Assertion failed on expression: 'm_PreloadTextureAtlasData.size() == m_DetailPrototypes.size()'

 -> (artifact id: 'e73cd54a3a844ee07dc1171f760d5610') in 0,092922 seconds
  Import took 0,095852 seconds .

========================================================================
Received Import Request.
  Time since last request: 4,523758 seconds.
  path: Assets/DungeonCharacters/Skeletons_demo/DungeonSkeletons_pack.jpg
  artifactKey: Guid(638407f285212d546845248f67bd99f6) Importer(815301076,1909f56bfc062723c751e8b465ee728b)
Start importing Assets/DungeonCharacters/Skeletons_demo/DungeonSkeletons_pack.jpg using Guid(638407f285212d546845248f67bd99f6) Importer(815301076,1909f56bfc062723c751e8b465ee728b)  -> (artifact id: '0439bdb2613ac0f49d7433d2c70f897e') in 0,046780 seconds
  Import took 0,050263 seconds .

========================================================================
Received Import Request.
  Time since last request: 1,525715 seconds.
  path: Assets/DungeonCharacters/Skeletons_demo/models/DungeonSkeleton_demo.FBX
  artifactKey: Guid(f227b5017a7c0184a96c2c26f1e4408d) Importer(815301076,1909f56bfc062723c751e8b465ee728b)
Start importing Assets/DungeonCharacters/Skeletons_demo/models/DungeonSkeleton_demo.FBX using Guid(f227b5017a7c0184a96c2c26f1e4408d) Importer(815301076,1909f56bfc062723c751e8b465ee728b)  -> (artifact id: '49a3dbf7398dff334da09a3b28408b73') in 0,104343 seconds
  Import took 0,107874 seconds .

========================================================================
Received Prepare
Registering precompiled user dll's ...
Registered in 0,000906 seconds.
Begin MonoManager ReloadAssembly
Native extension for LinuxStandalone target not found
Native extension for WindowsStandalone target not found
Native extension for WebGL target not found
Refreshing native plugins compatible for Editor in 0,35 ms, found 1 plugins.
Preloading 0 native plugins for Editor in 0,00 ms.
Mono: successfully reloaded assembly
- Completed reload, in  1,089 seconds
Platform modules already initialized, skipping
Refreshing native plugins compatible for Editor in 0,34 ms, found 1 plugins.
Preloading 0 native plugins for Editor in 0,00 ms.
Unloading 1496 Unused Serialized files (Serialized files now loaded: 0)
System memory in use before: 79,2 MB.
System memory in use after: 79,2 MB.

Unloading 10 unused Assets to reduce memory usage. Loaded Objects now: 2002.
Total: 3,718599 ms (FindLiveObjects: 0,278132 ms CreateObjectMapping: 0,069137 ms MarkObjects: 3,271817 ms  DeleteObjects: 0,097764 ms)

========================================================================
Received Prepare
Registering precompiled user dll's ...
Registered in 0,001094 seconds.
Begin MonoManager ReloadAssembly
Native extension for LinuxStandalone target not found
Native extension for WindowsStandalone target not found
Native extension for WebGL target not found
Refreshing native plugins compatible for Editor in 0,32 ms, found 1 plugins.
Preloading 0 native plugins for Editor in 0,00 ms.
Mono: successfully reloaded assembly
- Completed reload, in  1,235 seconds
Platform modules already initialized, skipping
Refreshing native plugins compatible for Editor in 0,37 ms, found 1 plugins.
Preloading 0 native plugins for Editor in 0,00 ms.
Unloading 1497 Unused Serialized files (Serialized files now loaded: 0)
System memory in use before: 79,2 MB.
System memory in use after: 79,3 MB.

Unloading 10 unused Assets to reduce memory usage. Loaded Objects now: 2006.
Total: 2,310575 ms (FindLiveObjects: 0,173014 ms CreateObjectMapping: 0,049135 ms MarkObjects: 1,998886 ms  DeleteObjects: 0,088043 ms)

========================================================================
Received Import Request.
  Time since last request: 432,759970 seconds.
  path: Assets/Bit Gun/Prefab
  artifactKey: Guid(4a6c7d1bea1f29318add9c212fdcef47) Importer(815301076,1909f56bfc062723c751e8b465ee728b)
Start importing Assets/Bit Gun/Prefab using Guid(4a6c7d1bea1f29318add9c212fdcef47) Importer(815301076,1909f56bfc062723c751e8b465ee728b)  -> (artifact id: '8600111ce39fbb0fedcfe6f5bc588f42') in 0,010451 seconds
  Import took 0,013588 seconds .

========================================================================
Received Import Request.
  Time since last request: 0,000880 seconds.
  path: Assets/Bit Gun/Prefab
  artifactKey: Guid(4a6c7d1bea1f29318add9c212fdcef47) Importer(815301076,1909f56bfc062723c751e8b465ee728b)
Start importing Assets/Bit Gun/Prefab using Guid(4a6c7d1bea1f29318add9c212fdcef47) Importer(815301076,1909f56bfc062723c751e8b465ee728b)  -> (artifact id: '8600111ce39fbb0fedcfe6f5bc588f42') in 0,000591 seconds
  Import took 0,003651 seconds .

========================================================================
Received Import Request.
  Time since last request: 293,565303 seconds.
  path: Assets/Scripts/Player.cs
  artifactKey: Guid(443cc829662c490729660158f15d7743) Importer(815301076,1909f56bfc062723c751e8b465ee728b)
Start importing Assets/Scripts/Player.cs using Guid(443cc829662c490729660158f15d7743) Importer(815301076,1909f56bfc062723c751e8b465ee728b)  -> (artifact id: 'f104a3d1bd8ba5cff950f43606a5facc') in 0,000933 seconds
  Import took 0,004660 seconds .

========================================================================
Received Import Request.
  Time since last request: 0,005144 seconds.
  path: Assets/Scripts/Player.cs
  artifactKey: Guid(443cc829662c490729660158f15d7743) Importer(815301076,1909f56bfc062723c751e8b465ee728b)
Start importing Assets/Scripts/Player.cs using Guid(443cc829662c490729660158f15d7743) Importer(815301076,1909f56bfc062723c751e8b465ee728b)  -> (artifact id: 'f104a3d1bd8ba5cff950f43606a5facc') in 0,000682 seconds
  Import took 0,006555 seconds .

========================================================================
Received Prepare
Registering precompiled user dll's ...
Registered in 0,002188 seconds.
Begin MonoManager ReloadAssembly
Native extension for LinuxStandalone target not found
Native extension for WindowsStandalone target not found
Native extension for WebGL target not found
Refreshing native plugins compatible for Editor in 0,55 ms, found 1 plugins.
Preloading 0 native plugins for Editor in 0,00 ms.
Mono: successfully reloaded assembly
- Completed reload, in  1,744 seconds
Platform modules already initialized, skipping
Refreshing native plugins compatible for Editor in 0,36 ms, found 1 plugins.
Preloading 0 native plugins for Editor in 0,00 ms.
Unloading 1497 Unused Serialized files (Serialized files now loaded: 0)
System memory in use before: 79,2 MB.
System memory in use after: 79,3 MB.

Unloading 10 unused Assets to reduce memory usage. Loaded Objects now: 2009.
Total: 4,099020 ms (FindLiveObjects: 0,362597 ms CreateObjectMapping: 0,093675 ms MarkObjects: 3,426928 ms  DeleteObjects: 0,213440 ms)

========================================================================
Received Import Request.
  Time since last request: 838,919426 seconds.
  path: Assets/Scripts/Player.cs
  artifactKey: Guid(443cc829662c490729660158f15d7743) Importer(815301076,1909f56bfc062723c751e8b465ee728b)
Start importing Assets/Scripts/Player.cs using Guid(443cc829662c490729660158f15d7743) Importer(815301076,1909f56bfc062723c751e8b465ee728b)  -> (artifact id: '00000000000000000000000000000000') in 0,004284 seconds
  ERROR: Build asset version error: assets/scripts/player.cs in SourceAssetDB has modification time of '2021-06-03T15:27:03Z' while content on disk has modification time of '2021-06-03T15:34:05Z'
  Import took 0,007515 seconds .

========================================================================
Received Import Request.
  Time since last request: 0,022101 seconds.
  path: Assets/Scripts/Player.cs
  artifactKey: Guid(443cc829662c490729660158f15d7743) Importer(815301076,1909f56bfc062723c751e8b465ee728b)
Start importing Assets/Scripts/Player.cs using Guid(443cc829662c490729660158f15d7743) Importer(815301076,1909f56bfc062723c751e8b465ee728b)  -> (artifact id: '00000000000000000000000000000000') in 0,000198 seconds
  ERROR: Build asset version error: assets/scripts/player.cs in SourceAssetDB has modification time of '2021-06-03T15:27:03Z' while content on disk has modification time of '2021-06-03T15:34:05Z'
  Import took 0,003495 seconds .

========================================================================
Received Import Request.
  Time since last request: 0,029131 seconds.
  path: Assets/Scripts/Player.cs
  artifactKey: Guid(443cc829662c490729660158f15d7743) Importer(815301076,1909f56bfc062723c751e8b465ee728b)
Start importing Assets/Scripts/Player.cs using Guid(443cc829662c490729660158f15d7743) Importer(815301076,1909f56bfc062723c751e8b465ee728b)  -> (artifact id: '00000000000000000000000000000000') in 0,000218 seconds
  ERROR: Build asset version error: assets/scripts/player.cs in SourceAssetDB has modification time of '2021-06-03T15:27:03Z' while content on disk has modification time of '2021-06-03T15:34:05Z'
  Import took 0,003505 seconds .

========================================================================
Received Import Request.
  Time since last request: 0,031588 seconds.
  path: Assets/Scripts/Player.cs
  artifactKey: Guid(443cc829662c490729660158f15d7743) Importer(815301076,1909f56bfc062723c751e8b465ee728b)
Start importing Assets/Scripts/Player.cs using Guid(443cc829662c490729660158f15d7743) Importer(815301076,1909f56bfc062723c751e8b465ee728b)  -> (artifact id: '00000000000000000000000000000000') in 0,000209 seconds
  ERROR: Build asset version error: assets/scripts/player.cs in SourceAssetDB has modification time of '2021-06-03T15:27:03Z' while content on disk has modification time of '2021-06-03T15:34:05Z'
  Import took 0,003045 seconds .

========================================================================
Received Import Request.
  Time since last request: 0,019319 seconds.
  path: Assets/Scripts/Player.cs
  artifactKey: Guid(443cc829662c490729660158f15d7743) Importer(815301076,1909f56bfc062723c751e8b465ee728b)
Start importing Assets/Scripts/Player.cs using Guid(443cc829662c490729660158f15d7743) Importer(815301076,1909f56bfc062723c751e8b465ee728b)  -> (artifact id: '00000000000000000000000000000000') in 0,000416 seconds
  ERROR: Build asset version error: assets/scripts/player.cs in SourceAssetDB has modification time of '2021-06-03T15:27:03Z' while content on disk has modification time of '2021-06-03T15:34:05Z'
  Import took 0,004774 seconds .

========================================================================
Received Import Request.
  Time since last request: 0,020500 seconds.
  path: Assets/Scripts/Player.cs
  artifactKey: Guid(443cc829662c490729660158f15d7743) Importer(815301076,1909f56bfc062723c751e8b465ee728b)
Start importing Assets/Scripts/Player.cs using Guid(443cc829662c490729660158f15d7743) Importer(815301076,1909f56bfc062723c751e8b465ee728b)  -> (artifact id: '00000000000000000000000000000000') in 0,000291 seconds
  ERROR: Build asset version error: assets/scripts/player.cs in SourceAssetDB has modification time of '2021-06-03T15:27:03Z' while content on disk has modification time of '2021-06-03T15:34:05Z'
  Import took 0,004176 seconds .

========================================================================
Received Import Request.
  Time since last request: 0,023691 seconds.
  path: Assets/Scripts/Player.cs
  artifactKey: Guid(443cc829662c490729660158f15d7743) Importer(815301076,1909f56bfc062723c751e8b465ee728b)
Start importing Assets/Scripts/Player.cs using Guid(443cc829662c490729660158f15d7743) Importer(815301076,1909f56bfc062723c751e8b465ee728b)  -> (artifact id: '00000000000000000000000000000000') in 0,000318 seconds
  ERROR: Build asset version error: assets/scripts/player.cs in SourceAssetDB has modification time of '2021-06-03T15:27:03Z' while content on disk has modification time of '2021-06-03T15:34:05Z'
  Import took 0,006137 seconds .

========================================================================
Received Import Request.
  Time since last request: 0,039256 seconds.
  path: Assets/Scripts/Player.cs
  artifactKey: Guid(443cc829662c490729660158f15d7743) Importer(815301076,1909f56bfc062723c751e8b465ee728b)
Start importing Assets/Scripts/Player.cs using Guid(443cc829662c490729660158f15d7743) Importer(815301076,1909f56bfc062723c751e8b465ee728b)  -> (artifact id: '00000000000000000000000000000000') in 0,000349 seconds
  ERROR: Build asset version error: assets/scripts/player.cs in SourceAssetDB has modification time of '2021-06-03T15:27:03Z' while content on disk has modification time of '2021-06-03T15:34:05Z'
  Import took 0,004689 seconds .

========================================================================
Received Import Request.
  Time since last request: 0,030248 seconds.
  path: Assets/Scripts/Player.cs
  artifactKey: Guid(443cc829662c490729660158f15d7743) Importer(815301076,1909f56bfc062723c751e8b465ee728b)
Start importing Assets/Scripts/Player.cs using Guid(443cc829662c490729660158f15d7743) Importer(815301076,1909f56bfc062723c751e8b465ee728b)  -> (artifact id: '00000000000000000000000000000000') in 0,000218 seconds
  ERROR: Build asset version error: assets/scripts/player.cs in SourceAssetDB has modification time of '2021-06-03T15:27:03Z' while content on disk has modification time of '2021-06-03T15:34:05Z'
  Import took 0,004364 seconds .

========================================================================
Received Import Request.
  Time since last request: 0,020436 seconds.
  path: Assets/Scripts/Player.cs
  artifactKey: Guid(443cc829662c490729660158f15d7743) Importer(815301076,1909f56bfc062723c751e8b465ee728b)
Start importing Assets/Scripts/Player.cs using Guid(443cc829662c490729660158f15d7743) Importer(815301076,1909f56bfc062723c751e8b465ee728b)  -> (artifact id: '00000000000000000000000000000000') in 0,001065 seconds
  ERROR: Build asset version error: assets/scripts/player.cs in SourceAssetDB has modification time of '2021-06-03T15:27:03Z' while content on disk has modification time of '2021-06-03T15:34:05Z'
  Import took 0,006272 seconds .

========================================================================
Received Import Request.
  Time since last request: 0,030216 seconds.
  path: Assets/Scripts/Player.cs
  artifactKey: Guid(443cc829662c490729660158f15d7743) Importer(815301076,1909f56bfc062723c751e8b465ee728b)
Start importing Assets/Scripts/Player.cs using Guid(443cc829662c490729660158f15d7743) Importer(815301076,1909f56bfc062723c751e8b465ee728b)  -> (artifact id: '00000000000000000000000000000000') in 0,000304 seconds
  ERROR: Build asset version error: assets/scripts/player.cs in SourceAssetDB has modification time of '2021-06-03T15:27:03Z' while content on disk has modification time of '2021-06-03T15:34:05Z'
  Import took 0,003475 seconds .

========================================================================
Received Import Request.
  Time since last request: 0,048943 seconds.
  path: Assets/Scripts/Player.cs
  artifactKey: Guid(443cc829662c490729660158f15d7743) Importer(815301076,1909f56bfc062723c751e8b465ee728b)
Start importing Assets/Scripts/Player.cs using Guid(443cc829662c490729660158f15d7743) Importer(815301076,1909f56bfc062723c751e8b465ee728b)  -> (artifact id: '00000000000000000000000000000000') in 0,000423 seconds
  ERROR: Build asset version error: assets/scripts/player.cs in SourceAssetDB has modification time of '2021-06-03T15:27:03Z' while content on disk has modification time of '2021-06-03T15:34:05Z'
  Import took 0,009275 seconds .

========================================================================
Received Import Request.
  Time since last request: 0,139944 seconds.
  path: Assets/Scripts/Player.cs
  artifactKey: Guid(443cc829662c490729660158f15d7743) Importer(815301076,1909f56bfc062723c751e8b465ee728b)
Start importing Assets/Scripts/Player.cs using Guid(443cc829662c490729660158f15d7743) Importer(815301076,1909f56bfc062723c751e8b465ee728b)  -> (artifact id: 'b47b6d099bc7dd08718436e489427d14') in 0,002882 seconds
  Import took 0,007655 seconds .

========================================================================
Received Prepare
Registering precompiled user dll's ...
Registered in 0,000983 seconds.
Begin MonoManager ReloadAssembly
Native extension for LinuxStandalone target not found
Native extension for WindowsStandalone target not found
Native extension for WebGL target not found
Refreshing native plugins compatible for Editor in 0,33 ms, found 1 plugins.
Preloading 0 native plugins for Editor in 0,00 ms.
Mono: successfully reloaded assembly
- Completed reload, in  0,812 seconds
Platform modules already initialized, skipping
Refreshing native plugins compatible for Editor in 0,62 ms, found 1 plugins.
Preloading 0 native plugins for Editor in 0,00 ms.
Unloading 1497 Unused Serialized files (Serialized files now loaded: 0)
System memory in use before: 79,2 MB.
System memory in use after: 79,3 MB.

Unloading 10 unused Assets to reduce memory usage. Loaded Objects now: 2012.
Total: 3,256279 ms (FindLiveObjects: 0,459873 ms CreateObjectMapping: 0,141471 ms MarkObjects: 2,488735 ms  DeleteObjects: 0,164593 ms)

========================================================================
Received Prepare
Registering precompiled user dll's ...
Registered in 0,001169 seconds.
Begin MonoManager ReloadAssembly
Native extension for LinuxStandalone target not found
Native extension for WindowsStandalone target not found
Native extension for WebGL target not found
Refreshing native plugins compatible for Editor in 0,51 ms, found 1 plugins.
Preloading 0 native plugins for Editor in 0,00 ms.
Mono: successfully reloaded assembly
- Completed reload, in  1,513 seconds
Platform modules already initialized, skipping
Refreshing native plugins compatible for Editor in 0,43 ms, found 1 plugins.
Preloading 0 native plugins for Editor in 0,00 ms.
Unloading 1497 Unused Serialized files (Serialized files now loaded: 0)
System memory in use before: 79,2 MB.
System memory in use after: 79,3 MB.

Unloading 10 unused Assets to reduce memory usage. Loaded Objects now: 2015.
Total: 3,619798 ms (FindLiveObjects: 0,263403 ms CreateObjectMapping: 0,092617 ms MarkObjects: 3,137026 ms  DeleteObjects: 0,124727 ms)

========================================================================
Received Prepare
Registering precompiled user dll's ...
Registered in 0,001493 seconds.
Begin MonoManager ReloadAssembly
Native extension for LinuxStandalone target not found
Native extension for WindowsStandalone target not found
Native extension for WebGL target not found
Refreshing native plugins compatible for Editor in 2,29 ms, found 1 plugins.
Preloading 0 native plugins for Editor in 0,00 ms.
Mono: successfully reloaded assembly
- Completed reload, in  1,103 seconds
Platform modules already initialized, skipping
Refreshing native plugins compatible for Editor in 0,34 ms, found 1 plugins.
Preloading 0 native plugins for Editor in 0,00 ms.
Unloading 1497 Unused Serialized files (Serialized files now loaded: 0)
System memory in use before: 79,3 MB.
System memory in use after: 79,3 MB.

Unloading 10 unused Assets to reduce memory usage. Loaded Objects now: 2018.
Total: 2,619495 ms (FindLiveObjects: 0,196010 ms CreateObjectMapping: 0,047956 ms MarkObjects: 2,287106 ms  DeleteObjects: 0,087030 ms)

========================================================================
Received Prepare
Registering precompiled user dll's ...
Registered in 0,000848 seconds.
Begin MonoManager ReloadAssembly
Native extension for LinuxStandalone target not found
Native extension for WindowsStandalone target not found
Native extension for WebGL target not found
Refreshing native plugins compatible for Editor in 0,35 ms, found 1 plugins.
Preloading 0 native plugins for Editor in 0,00 ms.
Mono: successfully reloaded assembly
- Completed reload, in  0,935 seconds
Platform modules already initialized, skipping
Refreshing native plugins compatible for Editor in 0,30 ms, found 1 plugins.
Preloading 0 native plugins for Editor in 0,00 ms.
Unloading 1497 Unused Serialized files (Serialized files now loaded: 0)
System memory in use before: 79,3 MB.
System memory in use after: 79,3 MB.

Unloading 10 unused Assets to reduce memory usage. Loaded Objects now: 2021.
Total: 2,346142 ms (FindLiveObjects: 0,169194 ms CreateObjectMapping: 0,042477 ms MarkObjects: 2,043743 ms  DeleteObjects: 0,089733 ms)

========================================================================
Received Prepare
Registering precompiled user dll's ...
Registered in 0,002040 seconds.
Begin MonoManager ReloadAssembly
Native extension for LinuxStandalone target not found
Native extension for WindowsStandalone target not found
Native extension for WebGL target not found
Refreshing native plugins compatible for Editor in 0,39 ms, found 1 plugins.
Preloading 0 native plugins for Editor in 0,00 ms.
Mono: successfully reloaded assembly
- Completed reload, in  1,815 seconds
Platform modules already initialized, skipping
Refreshing native plugins compatible for Editor in 0,75 ms, found 1 plugins.
Preloading 0 native plugins for Editor in 0,00 ms.
Unloading 1497 Unused Serialized files (Serialized files now loaded: 0)
System memory in use before: 79,3 MB.
System memory in use after: 79,3 MB.

Unloading 10 unused Assets to reduce memory usage. Loaded Objects now: 2024.
Total: 3,251552 ms (FindLiveObjects: 0,263622 ms CreateObjectMapping: 0,077341 ms MarkObjects: 2,805545 ms  DeleteObjects: 0,103193 ms)

========================================================================
Received Prepare
Registering precompiled user dll's ...
Registered in 0,000674 seconds.
Begin MonoManager ReloadAssembly
Native extension for LinuxStandalone target not found
Native extension for WindowsStandalone target not found
Native extension for WebGL target not found
Refreshing native plugins compatible for Editor in 0,35 ms, found 1 plugins.
Preloading 0 native plugins for Editor in 0,00 ms.
Mono: successfully reloaded assembly
- Completed reload, in  1,005 seconds
Platform modules already initialized, skipping
Refreshing native plugins compatible for Editor in 0,81 ms, found 1 plugins.
Preloading 0 native plugins for Editor in 0,00 ms.
Unloading 1497 Unused Serialized files (Serialized files now loaded: 0)
System memory in use before: 79,3 MB.
System memory in use after: 79,3 MB.

Unloading 10 unused Assets to reduce memory usage. Loaded Objects now: 2027.
Total: 3,115149 ms (FindLiveObjects: 0,211800 ms CreateObjectMapping: 0,056390 ms MarkObjects: 2,745750 ms  DeleteObjects: 0,099490 ms)

========================================================================
Received Prepare
Registering precompiled user dll's ...
Registered in 0,000956 seconds.
Begin MonoManager ReloadAssembly
Native extension for LinuxStandalone target not found
Native extension for WindowsStandalone target not found
Native extension for WebGL target not found
Refreshing native plugins compatible for Editor in 0,39 ms, found 1 plugins.
Preloading 0 native plugins for Editor in 0,00 ms.
Mono: successfully reloaded assembly
- Completed reload, in  1,027 seconds
Platform modules already initialized, skipping
Refreshing native plugins compatible for Editor in 0,41 ms, found 1 plugins.
Preloading 0 native plugins for Editor in 0,00 ms.
Unloading 1497 Unused Serialized files (Serialized files now loaded: 0)
System memory in use before: 79,3 MB.
System memory in use after: 79,3 MB.

Unloading 10 unused Assets to reduce memory usage. Loaded Objects now: 2030.
Total: 3,454233 ms (FindLiveObjects: 0,339507 ms CreateObjectMapping: 0,111281 ms MarkObjects: 2,887764 ms  DeleteObjects: 0,113721 ms)

========================================================================
Received Prepare
Registering precompiled user dll's ...
Registered in 0,000993 seconds.
Begin MonoManager ReloadAssembly
Native extension for LinuxStandalone target not found
Native extension for WindowsStandalone target not found
Native extension for WebGL target not found
Refreshing native plugins compatible for Editor in 0,34 ms, found 1 plugins.
Preloading 0 native plugins for Editor in 0,00 ms.
Mono: successfully reloaded assembly
- Completed reload, in  1,120 seconds
Platform modules already initialized, skipping
Refreshing native plugins compatible for Editor in 0,35 ms, found 1 plugins.
Preloading 0 native plugins for Editor in 0,00 ms.
Unloading 1497 Unused Serialized files (Serialized files now loaded: 0)
System memory in use before: 79,3 MB.
System memory in use after: 79,3 MB.

Unloading 10 unused Assets to reduce memory usage. Loaded Objects now: 2033.
Total: 2,629092 ms (FindLiveObjects: 0,227044 ms CreateObjectMapping: 0,062975 ms MarkObjects: 2,230297 ms  DeleteObjects: 0,106777 ms)

========================================================================
Received Prepare
Registering precompiled user dll's ...
Registered in 0,001147 seconds.
Begin MonoManager ReloadAssembly
Native extension for LinuxStandalone target not found
Native extension for WindowsStandalone target not found
Native extension for WebGL target not found
Refreshing native plugins compatible for Editor in 0,34 ms, found 1 plugins.
Preloading 0 native plugins for Editor in 0,00 ms.
Mono: successfully reloaded assembly
- Completed reload, in  0,829 seconds
Platform modules already initialized, skipping
Refreshing native plugins compatible for Editor in 0,38 ms, found 1 plugins.
Preloading 0 native plugins for Editor in 0,00 ms.
Unloading 1497 Unused Serialized files (Serialized files now loaded: 0)
System memory in use before: 79,3 MB.
System memory in use after: 79,3 MB.

Unloading 10 unused Assets to reduce memory usage. Loaded Objects now: 2036.
Total: 2,820790 ms (FindLiveObjects: 0,271131 ms CreateObjectMapping: 0,070964 ms MarkObjects: 2,216555 ms  DeleteObjects: 0,104374 ms)

========================================================================
Received Prepare
Registering precompiled user dll's ...
Registered in 0,001347 seconds.
Begin MonoManager ReloadAssembly
Native extension for LinuxStandalone target not found
Native extension for WindowsStandalone target not found
Native extension for WebGL target not found
Refreshing native plugins compatible for Editor in 0,76 ms, found 1 plugins.
Preloading 0 native plugins for Editor in 0,00 ms.
Mono: successfully reloaded assembly
- Completed reload, in  1,166 seconds
Platform modules already initialized, skipping
Refreshing native plugins compatible for Editor in 0,41 ms, found 1 plugins.
Preloading 0 native plugins for Editor in 0,00 ms.
Unloading 1497 Unused Serialized files (Serialized files now loaded: 0)
System memory in use before: 79,3 MB.
System memory in use after: 79,3 MB.

Unloading 10 unused Assets to reduce memory usage. Loaded Objects now: 2039.
Total: 7,090085 ms (FindLiveObjects: 0,808293 ms CreateObjectMapping: 0,170629 ms MarkObjects: 5,983005 ms  DeleteObjects: 0,124627 ms)

========================================================================
Received Prepare
Registering precompiled user dll's ...
Registered in 0,001314 seconds.
Begin MonoManager ReloadAssembly
Native extension for LinuxStandalone target not found
Native extension for WindowsStandalone target not found
Native extension for WebGL target not found
Refreshing native plugins compatible for Editor in 0,37 ms, found 1 plugins.
Preloading 0 native plugins for Editor in 0,00 ms.
Mono: successfully reloaded assembly
- Completed reload, in  0,830 seconds
Platform modules already initialized, skipping
Refreshing native plugins compatible for Editor in 0,32 ms, found 1 plugins.
Preloading 0 native plugins for Editor in 0,00 ms.
Unloading 1497 Unused Serialized files (Serialized files now loaded: 0)
System memory in use before: 79,3 MB.
System memory in use after: 79,3 MB.

Unloading 10 unused Assets to reduce memory usage. Loaded Objects now: 2042.
Total: 2,553989 ms (FindLiveObjects: 0,234213 ms CreateObjectMapping: 0,081308 ms MarkObjects: 2,130839 ms  DeleteObjects: 0,106358 ms)

========================================================================
Received Prepare
Registering precompiled user dll's ...
Registered in 0,001279 seconds.
Begin MonoManager ReloadAssembly
Native extension for LinuxStandalone target not found
Native extension for WindowsStandalone target not found
Native extension for WebGL target not found
Refreshing native plugins compatible for Editor in 0,38 ms, found 1 plugins.
Preloading 0 native plugins for Editor in 0,00 ms.
Mono: successfully reloaded assembly
- Completed reload, in  0,963 seconds
Platform modules already initialized, skipping
Refreshing native plugins compatible for Editor in 0,32 ms, found 1 plugins.
Preloading 0 native plugins for Editor in 0,00 ms.
Unloading 1497 Unused Serialized files (Serialized files now loaded: 0)
System memory in use before: 79,3 MB.
System memory in use after: 79,4 MB.

Unloading 10 unused Assets to reduce memory usage. Loaded Objects now: 2045.
Total: 2,839614 ms (FindLiveObjects: 0,267229 ms CreateObjectMapping: 0,100629 ms MarkObjects: 2,345024 ms  DeleteObjects: 0,124980 ms)

========================================================================
Received Prepare
Registering precompiled user dll's ...
Registered in 0,000886 seconds.
Begin MonoManager ReloadAssembly
Native extension for LinuxStandalone target not found
Native extension for WindowsStandalone target not found
Native extension for WebGL target not found
Refreshing native plugins compatible for Editor in 0,32 ms, found 1 plugins.
Preloading 0 native plugins for Editor in 0,00 ms.
Mono: successfully reloaded assembly
- Completed reload, in  0,811 seconds
Platform modules already initialized, skipping
Refreshing native plugins compatible for Editor in 0,36 ms, found 1 plugins.
Preloading 0 native plugins for Editor in 0,00 ms.
Unloading 1497 Unused Serialized files (Serialized files now loaded: 0)
System memory in use before: 79,3 MB.
System memory in use after: 79,4 MB.

Unloading 10 unused Assets to reduce memory usage. Loaded Objects now: 2048.
Total: 2,498987 ms (FindLiveObjects: 0,268819 ms CreateObjectMapping: 0,083057 ms MarkObjects: 2,044039 ms  DeleteObjects: 0,101790 ms)

========================================================================
Received Prepare
Registering precompiled user dll's ...
Registered in 0,001592 seconds.
Begin MonoManager ReloadAssembly
Native extension for LinuxStandalone target not found
Native extension for WindowsStandalone target not found
Native extension for WebGL target not found
Refreshing native plugins compatible for Editor in 0,38 ms, found 1 plugins.
Preloading 0 native plugins for Editor in 0,00 ms.
Mono: successfully reloaded assembly
- Completed reload, in  1,132 seconds
Platform modules already initialized, skipping
Refreshing native plugins compatible for Editor in 0,37 ms, found 1 plugins.
Preloading 0 native plugins for Editor in 0,00 ms.
Unloading 1497 Unused Serialized files (Serialized files now loaded: 0)
System memory in use before: 79,3 MB.
System memory in use after: 79,4 MB.

Unloading 10 unused Assets to reduce memory usage. Loaded Objects now: 2051.
Total: 2,813060 ms (FindLiveObjects: 0,221416 ms CreateObjectMapping: 0,054317 ms MarkObjects: 2,440188 ms  DeleteObjects: 0,095103 ms)

========================================================================
Received Prepare
Registering precompiled user dll's ...
Registered in 0,001124 seconds.
Begin MonoManager ReloadAssembly
Native extension for LinuxStandalone target not found
Native extension for WindowsStandalone target not found
Native extension for WebGL target not found
Refreshing native plugins compatible for Editor in 0,33 ms, found 1 plugins.
Preloading 0 native plugins for Editor in 0,00 ms.
Mono: successfully reloaded assembly
- Completed reload, in  0,859 seconds
Platform modules already initialized, skipping
Refreshing native plugins compatible for Editor in 0,30 ms, found 1 plugins.
Preloading 0 native plugins for Editor in 0,00 ms.
Unloading 1497 Unused Serialized files (Serialized files now loaded: 0)
System memory in use before: 79,4 MB.
System memory in use after: 79,4 MB.

Unloading 10 unused Assets to reduce memory usage. Loaded Objects now: 2054.
Total: 2,723525 ms (FindLiveObjects: 0,258906 ms CreateObjectMapping: 0,128364 ms MarkObjects: 2,232578 ms  DeleteObjects: 0,102390 ms)

========================================================================
Received Prepare
Registering precompiled user dll's ...
Registered in 0,004813 seconds.
Begin MonoManager ReloadAssembly
Native extension for LinuxStandalone target not found
Native extension for WindowsStandalone target not found
Native extension for WebGL target not found
Refreshing native plugins compatible for Editor in 0,46 ms, found 1 plugins.
Preloading 0 native plugins for Editor in 0,00 ms.
Mono: successfully reloaded assembly
- Completed reload, in  1,375 seconds
Platform modules already initialized, skipping
Refreshing native plugins compatible for Editor in 0,86 ms, found 1 plugins.
Preloading 0 native plugins for Editor in 0,00 ms.
Unloading 1497 Unused Serialized files (Serialized files now loaded: 0)
System memory in use before: 79,4 MB.
System memory in use after: 79,4 MB.

Unloading 10 unused Assets to reduce memory usage. Loaded Objects now: 2057.
Total: 4,288954 ms (FindLiveObjects: 0,284249 ms CreateObjectMapping: 0,095811 ms MarkObjects: 3,732232 ms  DeleteObjects: 0,173934 ms)

========================================================================
Received Import Request.
  Time since last request: 14400,741661 seconds.
  path: ProjectSettings/TagManager.asset
  artifactKey: Guid(00000000000000003000000000000000) Importer(815301076,1909f56bfc062723c751e8b465ee728b)
Start importing ProjectSettings/TagManager.asset using Guid(00000000000000003000000000000000) Importer(815301076,1909f56bfc062723c751e8b465ee728b)  -> (artifact id: 'ce6a35c3cddc746e7501c0bd0ed6d4ce') in 0,014437 seconds
  Import took 0,017418 seconds .

========================================================================
Received Import Request.
  Time since last request: 0,002490 seconds.
  path: ProjectSettings/TagManager.asset
  artifactKey: Guid(00000000000000003000000000000000) Importer(815301076,1909f56bfc062723c751e8b465ee728b)
Start importing ProjectSettings/TagManager.asset using Guid(00000000000000003000000000000000) Importer(815301076,1909f56bfc062723c751e8b465ee728b)  -> (artifact id: 'ce6a35c3cddc746e7501c0bd0ed6d4ce') in 0,000963 seconds
  Import took 0,003981 seconds .

========================================================================
Received Prepare
Registering precompiled user dll's ...
Registered in 0,002392 seconds.
Begin MonoManager ReloadAssembly
Native extension for LinuxStandalone target not found
Native extension for WindowsStandalone target not found
Native extension for WebGL target not found
Refreshing native plugins compatible for Editor in 0,50 ms, found 1 plugins.
Preloading 0 native plugins for Editor in 0,00 ms.
Mono: successfully reloaded assembly
- Completed reload, in  1,819 seconds
Platform modules already initialized, skipping
Refreshing native plugins compatible for Editor in 0,68 ms, found 1 plugins.
Preloading 0 native plugins for Editor in 0,00 ms.
Unloading 1497 Unused Serialized files (Serialized files now loaded: 0)
System memory in use before: 79,4 MB.
System memory in use after: 79,4 MB.

Unloading 12 unused Assets to reduce memory usage. Loaded Objects now: 2060.
Total: 5,898331 ms (FindLiveObjects: 0,499907 ms CreateObjectMapping: 0,193284 ms MarkObjects: 4,861699 ms  DeleteObjects: 0,339696 ms)

========================================================================
Received Prepare
Registering precompiled user dll's ...
Registered in 0,002423 seconds.
Begin MonoManager ReloadAssembly
Native extension for LinuxStandalone target not found
Native extension for WindowsStandalone target not found
Native extension for WebGL target not found
Refreshing native plugins compatible for Editor in 0,43 ms, found 1 plugins.
Preloading 0 native plugins for Editor in 0,00 ms.
Mono: successfully reloaded assembly
- Completed reload, in  1,658 seconds
Platform modules already initialized, skipping
Refreshing native plugins compatible for Editor in 0,43 ms, found 1 plugins.
Preloading 0 native plugins for Editor in 0,00 ms.
Unloading 1497 Unused Serialized files (Serialized files now loaded: 0)
System memory in use before: 79,4 MB.
System memory in use after: 79,4 MB.

Unloading 10 unused Assets to reduce memory usage. Loaded Objects now: 2063.
Total: 4,697331 ms (FindLiveObjects: 0,239261 ms CreateObjectMapping: 0,076100 ms MarkObjects: 4,255578 ms  DeleteObjects: 0,124269 ms)

========================================================================
Received Prepare
Registering precompiled user dll's ...
Registered in 0,004872 seconds.
Begin MonoManager ReloadAssembly
Native extension for LinuxStandalone target not found
Native extension for WindowsStandalone target not found
Native extension for WebGL target not found
Refreshing native plugins compatible for Editor in 1,42 ms, found 1 plugins.
Preloading 0 native plugins for Editor in 0,00 ms.
Mono: successfully reloaded assembly
- Completed reload, in  3,834 seconds
Platform modules already initialized, skipping
Refreshing native plugins compatible for Editor in 0,70 ms, found 1 plugins.
Preloading 0 native plugins for Editor in 0,00 ms.
Unloading 1497 Unused Serialized files (Serialized files now loaded: 0)
System memory in use before: 79,4 MB.
System memory in use after: 79,4 MB.

Unloading 10 unused Assets to reduce memory usage. Loaded Objects now: 2066.
Total: 10,884833 ms (FindLiveObjects: 0,459464 ms CreateObjectMapping: 0,165678 ms MarkObjects: 9,902675 ms  DeleteObjects: 0,351551 ms)

========================================================================
Received Prepare
Registering precompiled user dll's ...
Registered in 0,001450 seconds.
Begin MonoManager ReloadAssembly
Native extension for LinuxStandalone target not found
Native extension for WindowsStandalone target not found
Native extension for WebGL target not found
Refreshing native plugins compatible for Editor in 0,38 ms, found 1 plugins.
Preloading 0 native plugins for Editor in 0,00 ms.
Mono: successfully reloaded assembly
- Completed reload, in  1,041 seconds
Platform modules already initialized, skipping
Refreshing native plugins compatible for Editor in 0,72 ms, found 1 plugins.
Preloading 0 native plugins for Editor in 0,00 ms.
Unloading 1496 Unused Serialized files (Serialized files now loaded: 0)
System memory in use before: 79,4 MB.
System memory in use after: 79,4 MB.

Unloading 11 unused Assets to reduce memory usage. Loaded Objects now: 2068.
Total: 6,740509 ms (FindLiveObjects: 0,272642 ms CreateObjectMapping: 0,088125 ms MarkObjects: 6,260063 ms  DeleteObjects: 0,117893 ms)

========================================================================
Received Prepare
Registering precompiled user dll's ...
Registered in 0,001130 seconds.
Begin MonoManager ReloadAssembly
Native extension for LinuxStandalone target not found
Native extension for WindowsStandalone target not found
Native extension for WebGL target not found
Refreshing native plugins compatible for Editor in 0,39 ms, found 1 plugins.
Preloading 0 native plugins for Editor in 0,00 ms.
Mono: successfully reloaded assembly
- Completed reload, in  0,713 seconds
Platform modules already initialized, skipping
Refreshing native plugins compatible for Editor in 0,42 ms, found 1 plugins.
Preloading 0 native plugins for Editor in 0,00 ms.
Unloading 1792 Unused Serialized files (Serialized files now loaded: 0)
System memory in use before: 88,6 MB.
System memory in use after: 88,6 MB.

Unloading 8 unused Assets to reduce memory usage. Loaded Objects now: 2363.
Total: 2,801680 ms (FindLiveObjects: 0,317631 ms CreateObjectMapping: 0,107260 ms MarkObjects: 2,119771 ms  DeleteObjects: 0,255117 ms)

AssetImportWorkerClient::OnTransportError - code=2 error=End of file
